<?xml version="1.0"?>
<root>  
    <h1>nihao</h1>
    <H1>12</H1>
    <h2>123</h2>
</root>